set names utf8
select * from user where username='test' and password='96e79218965eb72c92a549dd5a330112'
update user set lastlogin='1450057420' where username='test'
set names utf8
select * from goods where is_delete=1
set names utf8
select * from goods where is_delete=0
set names utf8
select * from goods where is_delete=1
set names utf8
update goods set is_delete='0' where goods_id=2
set names utf8
select * from goods where is_delete=0
set names utf8
update goods set is_delete='1' where goods_id=1
set names utf8
select * from goods where is_delete=0
set names utf8
update goods set is_delete='1' where goods_id=2
set names utf8
select * from goods where is_delete=1
set names utf8
select * from goods where is_delete=0
set names utf8
select * from cate
set names utf8
select * from goods where is_delete=0
set names utf8
select * from goods where is_delete=0
set names utf8
select * from goods where is_delete=0
set names utf8
select * from goods where is_delete=1
set names utf8
select * from goods where is_delete=0
