set names utf8
select * from goods where is_on_sale=1 and is_delete=0 and is_new=1 order by rand() limit 5
set names utf8
select * from cate
set names utf8
select * from cate
select * from cate where cate_id=1
set names utf8
select * from cate
select * from cate where cate_id=4
select * from cate where cate_id=1
set names utf8
select * from cate
select * from cate where cate_id=11
select * from cate where cate_id=4
select * from cate where cate_id=1
set names utf8
select * from cate
select * from cate where cate_id=5
select * from cate where cate_id=1
set names utf8
select * from cate
select * from cate where cate_id=2
set names utf8
select * from cate
select * from cate where cate_id=2
set names utf8
select * from goods where is_on_sale=1 and is_delete=0 and is_new=1 order by rand() limit 5
set names utf8
select * from cate
set names utf8
select * from cate
set names utf8
select * from cate
set names utf8
select * from cate where goods_id='0'
set names utf8
select * from cate where goods_id='1'
set names utf8
select * from cate where goods_id='2'
set names utf8
select * from cate where goods_id='11'
set names utf8
select * from cate where goods_id='11'
set names utf8
select * from cate where goods_id='11'
set names utf8
select * from cate where goods_id='11'
set names utf8
select * from goods where goods_id='11'
select * from cate where cate_id=
set names utf8
select * from goods where goods_id='11'
select * from cate where cate_id=
set names utf8
select * from goods where goods_id='12'
select * from cate where cate_id=
set names utf8
select * from goods where goods_id='17'
select * from cate where cate_id=
set names utf8
select * from goods where goods_id='17'
select * from cate where cate_id=
set names utf8
select * from goods where goods_id='17'
select * from cate where cate_id=
set names utf8
select * from goods where goods_id='17'
select * from cate where cate_id=
set names utf8
select * from goods where goods_id='17'
select * from cate where cate_id=
set names utf8
select * from goods where goods_id='17'
select * from cate where cate_id=
set names utf8
select * from goods where goods_id='17'
select * from cate where cate_id=
set names utf8
select * from goods where goods_id=17
select * from cate where cate_id=10
set names utf8
select * from goods where goods_id=17
select * from cate where cate_id=10
set names utf8
select * from goods where is_on_sale=1 and is_delete=0 and is_new=1 order by rand() limit 5
set names utf8
select * from cate
set names utf8
select * from goods where is_on_sale=1 and is_delete=0 and is_new=1 order by rand() limit 5
set names utf8
select * from goods where goods_id=17
select * from cate where cate_id=10
