set names utf8
select * from cate
select * from cate where cate_id=10
set names utf8
select * from cate
select * from cate where cate_id=10
select * from cate where parent_id=
set names utf8
select * from cate
select * from cate where cate_id=10
select * from cate where parent_id=
set names utf8
select * from cate
select * from cate where cate_id=10
select * from cate where parent_id=10
set names utf8
select * from cate
select * from cate where cate_id=10
select * from cate where parent_id=10
set names utf8
select * from cate
select * from cate where cate_id=10
select * from cate where parent_id=10
set names utf8
select * from cate
select * from cate where cate_id=4
select * from cate where cate_id=1
select * from cate where parent_id=4
select * from cate where parent_id=11
set names utf8
select * from cate
select * from cate where cate_id=4
select * from cate where cate_id=1
select * from cate where parent_id=4
select * from cate where parent_id=11
select * from goods where cate_id='4'or cate_id='11'
set names utf8
select * from cate
select * from cate where cate_id=4
select * from cate where cate_id=1
select * from cate where parent_id=4
select * from cate where parent_id=11
select * from goods where cate_id='4'or cate_id='11'
set names utf8
select * from cate
select * from cate where cate_id=4
select * from cate where cate_id=1
select * from cate where parent_id=4
select * from cate where parent_id=11
select * from goods where cate_id='4'or cate_id='11'
set names utf8
select * from cate
select * from cate where cate_id=4
select * from cate where cate_id=1
select * from cate where parent_id=4
select * from cate where parent_id=11
select * from goods where cate_id='4'or cate_id='11'
set names utf8
select * from cate
select * from cate where cate_id=4
select * from cate where cate_id=1
select * from cate where parent_id=4
select * from cate where parent_id=11
select * from goods where cate_id='4'or cate_id='11'
set names utf8
select * from cate
select * from cate where cate_id=4
select * from cate where cate_id=1
select * from cate where parent_id=4
select * from cate where parent_id=11
select * from goods where cate_id='4'or cate_id='11'
set names utf8
select * from cate
select * from cate where cate_id=4
select * from cate where cate_id=1
select * from cate where parent_id=4
select * from cate where parent_id=11
select * from goods where cate_id='4'or cate_id='11'
set names utf8
select * from cate
select * from cate where cate_id=4
select * from cate where cate_id=1
select * from cate where parent_id=4
select * from cate where parent_id=11
select * from goods where cate_id='4'or cate_id='11'
set names utf8
select * from cate
select * from cate where cate_id=4
select * from cate where cate_id=1
select * from cate where parent_id=4
select * from cate where parent_id=11
select * from goods where cate_id='4'or cate_id='11'
set names utf8
select * from cate
select * from cate where cate_id=10
select * from cate where parent_id=10
select * from goods where cate_id='10'
set names utf8
select * from cate
select * from cate where cate_id=10
select * from cate where parent_id=10
select * from goods where cate_id='10'
set names utf8
select * from goods where goods_id=12
select * from cate where cate_id=10
set names utf8
select * from cate
select * from cate where cate_id=10
select * from cate where parent_id=10
select * from goods where cate_id='10'
set names utf8
select * from cate
select * from cate where cate_id=9
select * from cate where cate_id=8
select * from cate where parent_id=9
select * from goods where cate_id='9'
set names utf8
select * from cate
select * from cate where cate_id=1
select * from cate where parent_id=1
select * from cate where parent_id=4
select * from cate where parent_id=11
select * from cate where parent_id=5
select * from goods where cate_id='1'or cate_id='4'or cate_id='11'or cate_id='5'
set names utf8
select * from goods where goods_id=6
select * from cate where cate_id=11
select * from cate where cate_id=4
select * from cate where cate_id=1
set names utf8
select * from goods where is_on_sale=1 and is_delete=0 and is_new=1 order by rand() limit 5
set names utf8
select * from goods where goods_id=12
select * from cate where cate_id=10
set names utf8
select * from cate
select * from cate where cate_id=10
select * from cate where parent_id=10
select * from goods where cate_id='10'
