set names utf8
select * from goods where is_on_sale=1 and is_delete=0 and is_new=1 order by rand() limit 5
set names utf8
select * from goods where is_on_sale=1 and is_delete=0 and is_new=1 order by rand() limit 5
set names utf8
select * from user where username='test' and password='96e79218965eb72c92a549dd5a330112'
update user set lastlogin='1451524784' where username='test'
select * from user where user_id='1'
select a.goods_id,a.num,b.shop_price,b.goods_name,b.shop_price,b.market_price,b.thumb_img from shopcart as a,goods as b where a.user_id='1' and a.goods_id=b.goods_id
set names utf8
select * from goods where is_on_sale=1 and is_delete=0 and is_new=1 order by rand() limit 5
set names utf8
select * from user where user_id='1'
select a.goods_id,a.num,b.shop_price,b.goods_name,b.shop_price,b.market_price,b.thumb_img from shopcart as a,goods as b where a.user_id='1' and a.goods_id=b.goods_id
set names utf8
select * from user where user_id='1'
select a.goods_id,a.num,b.shop_price,b.goods_name,b.shop_price,b.market_price,b.thumb_img from shopcart as a,goods as b where a.user_id='1' and a.goods_id=b.goods_id
delete from shopcart where goods_id='1' and user_id='1'
set names utf8
select * from user where user_id='1'
select a.goods_id,a.num,b.shop_price,b.goods_name,b.shop_price,b.market_price,b.thumb_img from shopcart as a,goods as b where a.user_id='1' and a.goods_id=b.goods_id
delete from shopcart where goods_id='1' and user_id='1'
set names utf8
select * from user where user_id='1'
select a.goods_id,a.num,b.shop_price,b.goods_name,b.shop_price,b.market_price,b.thumb_img from shopcart as a,goods as b where a.user_id='1' and a.goods_id=b.goods_id
delete from shopcart where goods_id='1' and user_id='1'
set names utf8
select * from user where user_id='1'
select a.goods_id,a.num,b.shop_price,b.goods_name,b.shop_price,b.market_price,b.thumb_img from shopcart as a,goods as b where a.user_id='1' and a.goods_id=b.goods_id
delete from shopcart where goods_id='1' and user_id='1'
set names utf8
select * from user where user_id='1'
select a.goods_id,a.num,b.shop_price,b.goods_name,b.shop_price,b.market_price,b.thumb_img from shopcart as a,goods as b where a.user_id='1' and a.goods_id=b.goods_id
delete from shopcart where goods_id='1' and user_id='1'
set names utf8
select * from user where user_id='1'
select a.goods_id,a.num,b.shop_price,b.goods_name,b.shop_price,b.market_price,b.thumb_img from shopcart as a,goods as b where a.user_id='1' and a.goods_id=b.goods_id
delete from shopcart where goods_id='1' and user_id='1'
set names utf8
select * from user where user_id='1'
select a.goods_id,a.num,b.shop_price,b.goods_name,b.shop_price,b.market_price,b.thumb_img from shopcart as a,goods as b where a.user_id='1' and a.goods_id=b.goods_id
delete from shopcart where goods_id='1' and user_id='1'
set names utf8
select * from user where user_id='1'
select a.goods_id,a.num,b.shop_price,b.goods_name,b.shop_price,b.market_price,b.thumb_img from shopcart as a,goods as b where a.user_id='1' and a.goods_id=b.goods_id
delete from shopcart where goods_id='1' and user_id='1'
set names utf8
select * from user where user_id='1'
select a.goods_id,a.num,b.shop_price,b.goods_name,b.shop_price,b.market_price,b.thumb_img from shopcart as a,goods as b where a.user_id='1' and a.goods_id=b.goods_id
delete from shopcart where goods_id='1' and user_id='1'
set names utf8
select * from user where user_id='1'
select a.goods_id,a.num,b.shop_price,b.goods_name,b.shop_price,b.market_price,b.thumb_img from shopcart as a,goods as b where a.user_id='1' and a.goods_id=b.goods_id
delete from shopcart where goods_id='1' and user_id='1'
set names utf8
select * from user where user_id='1'
select a.goods_id,a.num,b.shop_price,b.goods_name,b.shop_price,b.market_price,b.thumb_img from shopcart as a,goods as b where a.user_id='1' and a.goods_id=b.goods_id
delete from shopcart where goods_id='3' and user_id='1'
set names utf8
select * from user where user_id='1'
select a.goods_id,a.num,b.shop_price,b.goods_name,b.shop_price,b.market_price,b.thumb_img from shopcart as a,goods as b where a.user_id='1' and a.goods_id=b.goods_id
delete from shopcart where goods_id='3' and user_id='1'
set names utf8
select * from user where user_id='1'
select a.goods_id,a.num,b.shop_price,b.goods_name,b.shop_price,b.market_price,b.thumb_img from shopcart as a,goods as b where a.user_id='1' and a.goods_id=b.goods_id
delete from shopcart where goods_id='3' and user_id='1'
set names utf8
select * from user where user_id='1'
select a.goods_id,a.num,b.shop_price,b.goods_name,b.shop_price,b.market_price,b.thumb_img from shopcart as a,goods as b where a.user_id='1' and a.goods_id=b.goods_id
delete from shopcart where goods_id='3' and user_id='1'
set names utf8
select * from user where user_id='1'
select a.goods_id,a.num,b.shop_price,b.goods_name,b.shop_price,b.market_price,b.thumb_img from shopcart as a,goods as b where a.user_id='1' and a.goods_id=b.goods_id
delete from shopcart where goods_id='3' and user_id='1'
set names utf8
select * from user where user_id='1'
select a.goods_id,a.num,b.shop_price,b.goods_name,b.shop_price,b.market_price,b.thumb_img from shopcart as a,goods as b where a.user_id='1' and a.goods_id=b.goods_id
delete from shopcart where goods_id='3' and user_id='1'
set names utf8
select * from user where user_id='1'
select a.goods_id,a.num,b.shop_price,b.goods_name,b.shop_price,b.market_price,b.thumb_img from shopcart as a,goods as b where a.user_id='1' and a.goods_id=b.goods_id
delete from shopcart where goods_id='3' and user_id='1'
set names utf8
select * from user where user_id='1'
select a.goods_id,a.num,b.shop_price,b.goods_name,b.shop_price,b.market_price,b.thumb_img from shopcart as a,goods as b where a.user_id='1' and a.goods_id=b.goods_id
delete from shopcart where goods_id='3' and user_id='1'
set names utf8
select * from user where user_id='1'
select a.goods_id,a.num,b.shop_price,b.goods_name,b.shop_price,b.market_price,b.thumb_img from shopcart as a,goods as b where a.user_id='1' and a.goods_id=b.goods_id
set names utf8
select * from user where user_id='1'
select a.goods_id,a.num,b.shop_price,b.goods_name,b.shop_price,b.market_price,b.thumb_img from shopcart as a,goods as b where a.user_id='1' and a.goods_id=b.goods_id
set names utf8
select * from user where user_id='1'
select a.goods_id,a.num,b.shop_price,b.goods_name,b.shop_price,b.market_price,b.thumb_img from shopcart as a,goods as b where a.user_id='1' and a.goods_id=b.goods_id
set names utf8
select * from user where user_id='1'
select a.goods_id,a.num,b.shop_price,b.goods_name,b.shop_price,b.market_price,b.thumb_img from shopcart as a,goods as b where a.user_id='1' and a.goods_id=b.goods_id
set names utf8
select * from user where user_id='1'
select a.goods_id,a.num,b.shop_price,b.goods_name,b.shop_price,b.market_price,b.thumb_img from shopcart as a,goods as b where a.user_id='1' and a.goods_id=b.goods_id
